<?xml version="1.0" encoding="UTF-8"?>
<!-- Generated by org.testng.reporters.JUnitReportReporter -->
<testsuite hostname="lappy" failures="0" tests="5" name="www.lavatech.com.TestClass" time="66.089" errors="0" timestamp="2024-02-18T13:11:08 IST" skipped="0">
  <testcase classname="www.lavatech.com.TestClass" name="signUp" time="12.566"/>
  <system-out/>
  <testcase classname="www.lavatech.com.TestClass" name="login" time="8.556"/>
  <system-out/>
  <testcase classname="www.lavatech.com.TestClass" name="cart" time="16.303"/>
  <system-out/>
  <testcase classname="www.lavatech.com.TestClass" name="placeOrder" time="20.009"/>
  <system-out/>
  <testcase classname="www.lavatech.com.TestClass" name="contactUs" time="8.655"/>
  <system-out/>
</testsuite> <!-- www.lavatech.com.TestClass -->
